


ARM Macro Assembler    Page 1 


    1 00000000                 AREA             dat, DATA, READONLY
    2 00000000 41 52 4D 
              00 41 52 
              4D 00    string  dcb              "ARM\0", "ARM\0"
    3 00000008         
    4 00000008                 AREA             pgm, CODE, READONLY
    5 00000000 E59F0060        ldr              r0, =string
    6 00000004 E59F105C        ldr              r1, =string
    7 00000008 E3A06000        mov              r6, #0
    8 0000000C E3A07000        mov              r7, #0
    9 00000010 E3A08000        mov              r8, #0
   10 00000014 E3A03000        mov              r3, #0
   11 00000018 E3A04000        mov              r4, #0
   12 0000001C E2811004        add              r1,r1,#4
   13 00000020 E4D02001 
                       loop    ldrb             r2,[r0],#1
   14 00000024 E0833002        add              r3,r3,r2
   15 00000028 E3520000        cmp              r2, #"\0"
   16 0000002C 1AFFFFFB        bne              loop
   17 00000030         
   18 00000030 E4D15001 
                       loop2   ldrb             r5,[r1],#1
   19 00000034 E0844005        add              r4,r4,r5
   20 00000038 E3550000        cmp              r5,#"\0"
   21 0000003C 1AFFFFFB        bne              loop2
   22 00000040         
   23 00000040 E1530004        cmp              r3,r4
   24 00000044 CA000001        bgt              loopgreaterthan
   25 00000048 BA000002        blt              looplesserthan
   26 0000004C 0A000003        beq              loopequals
   27 00000050         
   28 00000050         loopgreaterthan
   29 00000050 E3A06001        mov              r6,#0x01
   30 00000054 EAFFFFFE 
                       exit1   b                exit1
   31 00000058         
   32 00000058 E3A07001 
                       looplesserthan
                               mov              r7,#0x01
   33 0000005C EAFFFFFE 
                       exit2   b                exit2
   34 00000060         
   35 00000060 E3A08001 
                       loopequals
                               mov              r8, #0x01
   36 00000064 EAFFFFFE 
                       exit3   b                exit3
   37 00000068         
   38 00000068                 end
              00000000 
Command Line: --debug --xref --device=DARMP --apcs=interwork -oBL.EN.U4CSE18083
.o -IC:\Keil\ARM\INC\Philips --predefine="__EVAL SETA 1" --list=BL.EN.U4CSE1808
3.lst BL.EN.U4CSE18083.s



ARM Macro Assembler    Page 1 Alphabetic symbol ordering
Relocatable symbols

dat 00000000

Symbol: dat
   Definitions
      At line 1 in file BL.EN.U4CSE18083.s
   Uses
      None
Comment: dat unused
string 00000000

Symbol: string
   Definitions
      At line 2 in file BL.EN.U4CSE18083.s
   Uses
      At line 5 in file BL.EN.U4CSE18083.s
      At line 6 in file BL.EN.U4CSE18083.s

2 symbols



ARM Macro Assembler    Page 1 Alphabetic symbol ordering
Relocatable symbols

exit1 00000054

Symbol: exit1
   Definitions
      At line 30 in file BL.EN.U4CSE18083.s
   Uses
      At line 30 in file BL.EN.U4CSE18083.s
Comment: exit1 used once
exit2 0000005C

Symbol: exit2
   Definitions
      At line 33 in file BL.EN.U4CSE18083.s
   Uses
      At line 33 in file BL.EN.U4CSE18083.s
Comment: exit2 used once
exit3 00000064

Symbol: exit3
   Definitions
      At line 36 in file BL.EN.U4CSE18083.s
   Uses
      At line 36 in file BL.EN.U4CSE18083.s
Comment: exit3 used once
loop 00000020

Symbol: loop
   Definitions
      At line 13 in file BL.EN.U4CSE18083.s
   Uses
      At line 16 in file BL.EN.U4CSE18083.s
Comment: loop used once
loop2 00000030

Symbol: loop2
   Definitions
      At line 18 in file BL.EN.U4CSE18083.s
   Uses
      At line 21 in file BL.EN.U4CSE18083.s
Comment: loop2 used once
loopequals 00000060

Symbol: loopequals
   Definitions
      At line 35 in file BL.EN.U4CSE18083.s
   Uses
      At line 26 in file BL.EN.U4CSE18083.s
Comment: loopequals used once
loopgreaterthan 00000050

Symbol: loopgreaterthan
   Definitions
      At line 28 in file BL.EN.U4CSE18083.s
   Uses
      At line 24 in file BL.EN.U4CSE18083.s
Comment: loopgreaterthan used once
looplesserthan 00000058

Symbol: looplesserthan



ARM Macro Assembler    Page 2 Alphabetic symbol ordering
Relocatable symbols

   Definitions
      At line 32 in file BL.EN.U4CSE18083.s
   Uses
      At line 25 in file BL.EN.U4CSE18083.s
Comment: looplesserthan used once
pgm 00000000

Symbol: pgm
   Definitions
      At line 4 in file BL.EN.U4CSE18083.s
   Uses
      None
Comment: pgm unused
9 symbols
333 symbols in table
