


ARM Macro Assembler    Page 1 


    1 00000000                 AREA             dat, DATA, READONLY
    2 00000000 C0 02 03 
              04       src1    dcb              0xc0, 0x02, 0x3, 0x4
    3 00000004 40 06 07 
              08       src2    dcb              0x40, 0x06, 0x07, 0x08
    4 00000008 04      n       dcb              4
    5 00000009                 AREA             res, DATA, READWRITE
    6 00000000 00 00 00 
              00       result  dcb              0x00, 0x00, 0x00, 0x00
    7 00000004                 AREA             pgm, CODE, READONLY
    8 00000000 E59F2034        ldr              r2, =result
    9 00000004 E59F3034        ldr              r3, =src1
   10 00000008 E59F4034        ldr              r4, =src2
   11 0000000C E59F5034        ldr              r5, =n
   12 00000010 E5956000        ldr              r6, [r5]
   13 00000014 E3A08000        mov              r8,#0
   14 00000018         loop
   15 00000018 E4D30001        ldrb             r0,[r3],#1
   16 0000001C E4D41001        ldrb             r1,[r4],#1
   17 00000020 E0800428        add              r0,r0, r8, LSR #8
   18 00000024 E0808001        add              r8, r0,r1
   19 00000028 E4C28001        strb             r8,[r2],#1
   20 0000002C E2466001        sub              r6,r6,#1
   21 00000030 E3560000        cmp              r6,#0
   22 00000034 1AFFFFF7        bne              loop
   23 00000038 EAFFFFFE 
                       e       b                e
   24 0000003C                 end
              00000000 
              00000000 
              00000000 
              00000000 
Command Line: --debug --xref --device=DARMP --apcs=interwork -oBL.EN.U4CSE18083
.o -IC:\Keil\ARM\INC\Philips --predefine="__EVAL SETA 1" --list=BL.EN.U4CSE1808
3.lst BL.EN.U4CSE18083.s



ARM Macro Assembler    Page 1 Alphabetic symbol ordering
Relocatable symbols

dat 00000000

Symbol: dat
   Definitions
      At line 1 in file BL.EN.U4CSE18083.s
   Uses
      None
Comment: dat unused
n 00000008

Symbol: n
   Definitions
      At line 4 in file BL.EN.U4CSE18083.s
   Uses
      At line 11 in file BL.EN.U4CSE18083.s
Comment: n used once
src1 00000000

Symbol: src1
   Definitions
      At line 2 in file BL.EN.U4CSE18083.s
   Uses
      At line 9 in file BL.EN.U4CSE18083.s
Comment: src1 used once
src2 00000004

Symbol: src2
   Definitions
      At line 3 in file BL.EN.U4CSE18083.s
   Uses
      At line 10 in file BL.EN.U4CSE18083.s
Comment: src2 used once
4 symbols



ARM Macro Assembler    Page 1 Alphabetic symbol ordering
Relocatable symbols

res 00000000

Symbol: res
   Definitions
      At line 5 in file BL.EN.U4CSE18083.s
   Uses
      None
Comment: res unused
result 00000000

Symbol: result
   Definitions
      At line 6 in file BL.EN.U4CSE18083.s
   Uses
      At line 8 in file BL.EN.U4CSE18083.s
Comment: result used once
2 symbols



ARM Macro Assembler    Page 1 Alphabetic symbol ordering
Relocatable symbols

e 00000038

Symbol: e
   Definitions
      At line 23 in file BL.EN.U4CSE18083.s
   Uses
      At line 23 in file BL.EN.U4CSE18083.s
Comment: e used once
loop 00000018

Symbol: loop
   Definitions
      At line 14 in file BL.EN.U4CSE18083.s
   Uses
      At line 22 in file BL.EN.U4CSE18083.s
Comment: loop used once
pgm 00000000

Symbol: pgm
   Definitions
      At line 7 in file BL.EN.U4CSE18083.s
   Uses
      None
Comment: pgm unused
3 symbols
331 symbols in table
